<?xml version="1.0" encoding="utf-8" standalone="no"?>
	<message application="WeiXinScanOrder" version="1.0.1"
	timestamp="2017073120130"
	merchantId="1000000"
	merchantOrderId="1501502490000"
	merchantOrderAmt="200"
	merchantOrderDesc="小米4"
	userName="Jim"
	payerId=""
	salerId=""
	guaranteeAmt="0"
	merchantPayNotifyUrl="http://47.94.193.202/cm/notify.php"/><?xml version="1.0" encoding="utf-8" standalone="no"?>
	<message application="WeiXinScanOrder" version="1.0.1"
	timestamp="2017089165632"
	merchantId="1000000"
	merchantOrderId="1502268992000"
	merchantOrderAmt="200"
	merchantOrderDesc="小米4"
	userName="Jim"
	payerId=""
	salerId=""
	guaranteeAmt="0"
	merchantPayNotifyUrl="http://47.94.193.202/cm/notify.php"/><?xml version="1.0" encoding="utf-8" standalone="no"?>
	<message application="WeiXinScanOrder" version="1.0.1"
	timestamp="2017089165653"
	merchantId="1000000"
	merchantOrderId="1502269013000"
	merchantOrderAmt="200"
	merchantOrderDesc="小米4"
	userName="Jim"
	payerId=""
	salerId=""
	guaranteeAmt="0"
	merchantPayNotifyUrl="http://47.94.193.202/cm/notify.php"/><?xml version="1.0" encoding="utf-8" standalone="no"?>
	<message application="WeiXinScanOrder" version="1.0.1"
	timestamp="201708917650"
	merchantId="1000000"
	merchantOrderId="1502269610000"
	merchantOrderAmt="200"
	merchantOrderDesc="小米4"
	userName="Jim"
	payerId=""
	salerId=""
	guaranteeAmt="0"
	merchantPayNotifyUrl="http://47.94.193.202/cm/notify.php"/><?xml version="1.0" encoding="utf-8" standalone="no"?>
	<message application="WeiXinScanOrder" version="1.0.1"
	timestamp="201708917271"
	merchantId="1000000"
	merchantOrderId="1502270821000"
	merchantOrderAmt="200"
	merchantOrderDesc="小米4"
	userName="Jim"
	payerId=""
	salerId=""
	guaranteeAmt="0"
	merchantPayNotifyUrl="http://47.94.193.202/cm/notify.php"/><?xml version="1.0" encoding="utf-8" standalone="no"?>
	<message application="WeiXinScanOrder" version="1.0.1"
	timestamp="2017089172727"
	merchantId="1000000"
	merchantOrderId="1502270847000"
	merchantOrderAmt="200"
	merchantOrderDesc="小米4"
	userName="Jim"
	payerId=""
	salerId=""
	guaranteeAmt="0"
	merchantPayNotifyUrl="http://47.94.193.202/cm/notify.php"/><?xml version="1.0" encoding="utf-8" standalone="no"?>
	<message application="WeiXinScanOrder" version="1.0.1"
	timestamp="2017089172741"
	merchantId="1000000"
	merchantOrderId="1502270861000"
	merchantOrderAmt="200"
	merchantOrderDesc="小米4"
	userName="Jim"
	payerId=""
	salerId=""
	guaranteeAmt="0"
	merchantPayNotifyUrl="http://47.94.193.202/cm/notify.php"/><?xml version="1.0" encoding="utf-8" standalone="no"?>
	<message application="WeiXinScanOrder" version="1.0.1"
	timestamp="201708917291"
	merchantId="1000000"
	merchantOrderId="1502270941000"
	merchantOrderAmt="200"
	merchantOrderDesc="小米4"
	userName="Jim"
	payerId=""
	salerId=""
	guaranteeAmt="0"
	merchantPayNotifyUrl="http://47.94.193.202/cm/notify.php"/><?xml version="1.0" encoding="utf-8" standalone="no"?>
	<message application="WeiXinScanOrder" version="1.0.1"
	timestamp="2017089172928"
	merchantId="1000000"
	merchantOrderId="1502270968000"
	merchantOrderAmt="200"
	merchantOrderDesc="小米4"
	userName="Jim"
	payerId=""
	salerId=""
	guaranteeAmt="0"
	merchantPayNotifyUrl="http://47.94.193.202/cm/notify.php"/><?xml version="1.0" encoding="utf-8" standalone="no"?>
	<message application="WeiXinScanOrder" version="1.0.1"
	timestamp="20170810104630"
	merchantId="1000000"
	merchantOrderId="1502333190000"
	merchantOrderAmt="200"
	merchantOrderDesc="小米4"
	userName="Jim"
	payerId=""
	salerId=""
	guaranteeAmt="0"
	merchantPayNotifyUrl="http://47.94.193.202/cm/notify.php"/><?xml version="1.0" encoding="utf-8" standalone="no"?>
	<message application="WeiXinScanOrder" version="1.0.1"
	timestamp="20170822112139"
	merchantId=""
	merchantOrderId="1503372099"
	merchantOrderAmt="200"
	merchantOrderDesc="小米4"
	userName="Jim"
	payerId=""
	salerId=""
	guaranteeAmt="0"
	merchantPayNotifyUrl="http://localhost/notify.php"/><?xml version="1.0" encoding="utf-8" standalone="no"?>
	<message application="WeiXinScanOrder" version="1.0.1"
	timestamp="20170822112338"
	merchantId=""
	merchantOrderId="1503372218"
	merchantOrderAmt="200"
	merchantOrderDesc="小米4"
	userName="Jim"
	payerId=""
	salerId=""
	guaranteeAmt="0"
	merchantPayNotifyUrl="http://localhost/notify.php"/><?xml version="1.0" encoding="utf-8" standalone="no"?>
	<message application="WeiXinScanOrder" version="1.0.1"
	timestamp="20170822112350"
	merchantId=""
	merchantOrderId="1503372230"
	merchantOrderAmt="200"
	merchantOrderDesc="小米4"
	userName="Jim"
	payerId=""
	salerId=""
	guaranteeAmt="0"
	merchantPayNotifyUrl="http://localhost/notify.php"/><?xml version="1.0" encoding="utf-8" standalone="no"?>
	<message application="WeiXinScanOrder" version="1.0.1"
	timestamp="20170822112354"
	merchantId="1000000"
	merchantOrderId="1503372234000"
	merchantOrderAmt="200"
	merchantOrderDesc="小米4"
	userName="Jim"
	payerId=""
	salerId=""
	guaranteeAmt="0"
	merchantPayNotifyUrl="http://47.94.193.202/cm/notify.php"/><?xml version="1.0" encoding="utf-8" standalone="no"?>
	<message application="WeiXinScanOrder" version="1.0.1"
	timestamp="20170822113251"
	merchantId=""
	merchantOrderId="1503372771"
	merchantOrderAmt="200"
	merchantOrderDesc="小米4"
	userName="Jim"
	payerId=""
	salerId=""
	guaranteeAmt="0"
	merchantPayNotifyUrl="http://localhost/notify.php"/><?xml version="1.0" encoding="utf-8" standalone="no"?>
	<message application="WeiXinScanOrder" version="1.0.1"
	timestamp="2017082214551"
	merchantId="1000000"
	merchantOrderId="1503384901000"
	merchantOrderAmt="200"
	merchantOrderDesc="小米4"
	userName="Jim"
	payerId=""
	salerId=""
	guaranteeAmt="0"
	merchantPayNotifyUrl="http://47.94.193.202/cm/notify.php"/><?xml version="1.0" encoding="utf-8" standalone="no"?>
	<message application="WeiXinScanOrder" version="1.0.1"
	timestamp="20170822145518"
	merchantId="1000000"
	merchantOrderId="1503384918000"
	merchantOrderAmt="200"
	merchantOrderDesc="小米4"
	userName="Jim"
	payerId=""
	salerId=""
	guaranteeAmt="0"
	merchantPayNotifyUrl="http://47.94.193.202/cm/notify.php"/><?xml version="1.0" encoding="utf-8" standalone="no"?>
	<message application="WeiXinScanOrder" version="1.0.1"
	timestamp="2017082215255"
	merchantId="1000000"
	merchantOrderId="1503385375000"
	merchantOrderAmt="200"
	merchantOrderDesc="小米4"
	userName="Jim"
	payerId=""
	salerId=""
	guaranteeAmt="0"
	merchantPayNotifyUrl="http://47.94.193.202/cm/notify.php"/><?xml version="1.0" encoding="utf-8" standalone="no"?>
	<message application="WeiXinScanOrder" version="1.0.1"
	timestamp="20170822151011"
	merchantId="1000000"
	merchantOrderId="1503385811000"
	merchantOrderAmt="200"
	merchantOrderDesc="小米4"
	userName="Jim"
	payerId=""
	salerId=""
	guaranteeAmt="0"
	merchantPayNotifyUrl="http://47.94.193.202/cm/notify.php"/><?xml version="1.0" encoding="utf-8" standalone="no"?>
	<message application="WeiXinScanOrder" version="1.0.1"
	timestamp="20170822151342"
	merchantId="1000000"
	merchantOrderId="1503386022000"
	merchantOrderAmt="200"
	merchantOrderDesc="小米4"
	userName="Jim"
	payerId=""
	salerId=""
	guaranteeAmt="0"
	merchantPayNotifyUrl="http://47.94.193.202/cm/notify.php"/><?xml version="1.0" encoding="utf-8" standalone="no"?>
	<message application="WeiXinScanOrder" version="1.0.1"
	timestamp="20170822151520"
	merchantId="1000000"
	merchantOrderId="1503386120000"
	merchantOrderAmt="200"
	merchantOrderDesc="小米4"
	userName="Jim"
	payerId=""
	salerId=""
	guaranteeAmt="0"
	merchantPayNotifyUrl="http://47.94.193.202/cm/notify.php"/><?xml version="1.0" encoding="utf-8" standalone="no"?>
	<message application="WeiXinScanOrder" version="1.0.1"
	timestamp="2017082215542"
	merchantId="1000000"
	merchantOrderId="1503388442000"
	merchantOrderAmt="200"
	merchantOrderDesc="小米4"
	userName="Jim"
	payerId=""
	salerId=""
	guaranteeAmt="0"
	merchantPayNotifyUrl="http://47.94.193.202/cm/notify.php"/><?xml version="1.0" encoding="utf-8" standalone="no"?>
	<message application="WeiXinScanOrder" version="1.0.1"
	timestamp="2017082518232"
	merchantId="1000000"
	merchantOrderId="1503655352000"
	merchantOrderAmt="200"
	merchantOrderDesc="小米4"
	userName="Jim"
	payerId=""
	salerId=""
	guaranteeAmt="0"
	merchantPayNotifyUrl="http://47.94.193.202/cm/notify.php"/><?xml version="1.0" encoding="utf-8" standalone="no"?>
	<message application="WeiXinScanOrder" version="1.0.1"
	timestamp="20170830165003"
	merchantId=""
	merchantOrderId="1504083003"
	merchantOrderAmt="200"
	merchantOrderDesc="小米4"
	userName="Jim"
	payerId=""
	salerId=""
	guaranteeAmt="0"
	merchantPayNotifyUrl="http://localhost/notify.php"/><?xml version="1.0" encoding="utf-8" standalone="no"?>
	<message application="WeiXinScanOrder" version="1.0.1"
	timestamp="2017094145848"
	merchantId="1000000"
	merchantOrderId="1504508328000"
	merchantOrderAmt="200"
	merchantOrderDesc="小米4"
	userName="Jim"
	payerId=""
	salerId=""
	guaranteeAmt="0"
	merchantPayNotifyUrl="http://47.94.193.202/cm/notify.php"/><?xml version="1.0" encoding="utf-8" standalone="no"?>
	<message application="WeiXinScanOrder" version="1.0.1"
	timestamp="2017095172239"
	merchantId="1000000"
	merchantOrderId="1504603359000"
	merchantOrderAmt="200"
	merchantOrderDesc="小米4"
	userName="Jim"
	payerId=""
	salerId=""
	guaranteeAmt="0"
	merchantPayNotifyUrl="http://47.94.193.202/cm/notify.php"/>